<?xml version="1.0" encoding="utf-8"?><testsuites name="pytest tests"><testsuite name="pytest" errors="0" failures="0" skipped="0" tests="7" time="8.735" timestamp="2026-08-18T12:03:50.288214+00:00" hostname="agent-env-bc10982d-2ba3-4532-8796-8ac273f05fe5"><testcase classname="tests.test_bola_shopping_todo_invite.TestAuthSanity" name="test_valid_login_200" time="0.772" /><testcase classname="tests.test_bola_shopping_todo_invite.TestInvitePreview" name="test_get_invite_code" time="1.145" /><testcase classname="tests.test_bola_shopping_todo_invite.TestAuthSanity" name="test_wrong_password_401" time="0.388" /><testcase classname="tests.test_bola_shopping_todo_invite.TestInvitePreview" name="test_preview_and_rate_limit" time="5.593" /><testcase classname="tests.test_bola_shopping_todo_invite.TestTodoBOLA" name="test_todo_same_family_and_cross_family" time="3.067" /><testcase classname="tests.test_bola_shopping_todo_invite.TestJoinWithClaim" name="test_join_claims_pending_member" time="1.922" /><testcase classname="tests.test_bola_shopping_todo_invite.TestShoppingBOLA" name="test_shopping_same_family_and_cross_family" time="1.662" /></testsuite></testsuites>