<?xml version="1.0" encoding="utf-8"?><testsuites name="pytest tests"><testsuite name="pytest" errors="0" failures="0" skipped="0" tests="18" time="1.184" timestamp="2026-08-17T00:07:33.018263+00:00" hostname="agent-env-bc10982d-2ba3-4532-8796-8ac273f05fe5"><testcase classname="tests.test_batch12_dashboard.TestHomeNewKeys" name="test_all_new_keys_present" time="0.610" /><testcase classname="tests.test_batch12_dashboard.TestHomeNewKeys" name="test_meals_today_shape" time="0.000" /><testcase classname="tests.test_batch12_dashboard.TestHomeNewKeys" name="test_tasks_shape_and_scope" time="0.000" /><testcase classname="tests.test_batch12_dashboard.TestHomeNewKeys" name="test_kids_shape" time="0.000" /><testcase classname="tests.test_batch12_dashboard.TestHomeNewKeys" name="test_shopping_preview_shape" time="0.000" /><testcase classname="tests.test_batch12_dashboard.TestHomeNewKeys" name="test_coming_up_sorted_asc" time="0.000" /><testcase classname="tests.test_batch12_dashboard.TestHomeNewKeys" name="test_vault_expiring_summary_only" time="0.000" /><testcase classname="tests.test_batch12_dashboard.TestHomeNewKeys" name="test_wishlist_reminder_shape" time="0.000" /><testcase classname="tests.test_batch12_dashboard.TestHomeNewKeys" name="test_latest_post_shape" time="0.000" /><testcase classname="tests.test_batch12_dashboard.TestHomeNewKeys" name="test_family_chat_shape" time="0.000" /><testcase classname="tests.test_batch12_dashboard.TestHomeNewKeys" name="test_needs_attention_shape" time="0.000" /><testcase classname="tests.test_batch12_dashboard.TestHomeNewKeys" name="test_needs_attention_routes" time="0.000" /><testcase classname="tests.test_batch12_dashboard.TestHomeRegression" name="test_old_keys_still_present" time="0.000" /><testcase classname="tests.test_batch12_dashboard.TestHomeRegression" name="test_members_carry_status_fields" time="0.000" /><testcase classname="tests.test_batch12_dashboard.TestHomeRegression" name="test_members_include_seeded_statuses" time="0.000" /><testcase classname="tests.test_batch12_dashboard.TestMemberStatus" name="test_self_set_status" time="0.729" /><testcase classname="tests.test_batch12_dashboard.TestMemberStatus" name="test_self_clear_status" time="0.098" /><testcase classname="tests.test_batch12_dashboard.TestMemberStatus" name="test_admin_can_set_other_member" time="0.050" /></testsuite></testsuites>