<?xml version="1.0" encoding="utf-8"?><testsuites name="pytest tests"><testsuite name="pytest" errors="0" failures="0" skipped="0" tests="17" time="6.998" timestamp="2026-08-17T15:34:20.686440+00:00" hostname="agent-env-bc10982d-2ba3-4532-8796-8ac273f05fe5"><testcase classname="tests.test_batch22_sec002b_sec001b.TestLoginLockoutSegmentation" name="test_ipA_5x401_then_429" time="2.536" /><testcase classname="tests.test_batch22_sec002b_sec001b.TestRegressionAuthedGets" name="test_auth_me_has_media_token" time="0.851" /><testcase classname="tests.test_batch22_sec002b_sec001b.TestRegressionAuthedGets" name="test_core_get[/home]" time="0.436" /><testcase classname="tests.test_batch22_sec002b_sec001b.TestRegressionAuthedGets" name="test_core_get[/families/members]" time="0.316" /><testcase classname="tests.test_batch22_sec002b_sec001b.TestRegressionAuthedGets" name="test_core_get[/events]" time="0.426" /><testcase classname="tests.test_batch22_sec002b_sec001b.TestRegressionAuthedGets" name="test_core_get[/notices]" time="0.366" /><testcase classname="tests.test_batch22_sec002b_sec001b.TestRegressionAuthedGets" name="test_core_get[/vault/items]" time="0.150" /><testcase classname="tests.test_batch22_sec002b_sec001b.TestLoginLockoutSegmentation" name="test_same_email_ipB_still_401_not_429" time="0.383" /><testcase classname="tests.test_batch22_sec002b_sec001b.TestRegressionAuthedGets" name="test_core_get[/emergency/medical]" time="0.413" /><testcase classname="tests.test_batch22_sec002b_sec001b.TestLoginLockoutSegmentation" name="test_board_valid_login_unaffected_from_any_ip" time="0.441" /><testcase classname="tests.test_batch22_sec002b_sec001b.TestLoginLockoutSegmentation" name="test_leftmost_xff_is_used" time="2.536" /><testcase classname="tests.test_batch22_sec002b_sec001b.TestFilesAccess" name="test_no_token_returns_401" time="0.851" /><testcase classname="tests.test_batch22_sec002b_sec001b.TestFilesAccess" name="test_owner_full_bearer_returns_200" time="0.422" /><testcase classname="tests.test_batch22_sec002b_sec001b.TestFilesAccess" name="test_owner_media_token_query_returns_200" time="0.758" /><testcase classname="tests.test_batch22_sec002b_sec001b.TestFilesAccess" name="test_different_family_token_returns_404" time="1.276" /><testcase classname="tests.test_batch22_sec002b_sec001b.TestMediaTokenScope" name="test_media_token_rejected_on_api_home" time="0.632" /><testcase classname="tests.test_batch22_sec002b_sec001b.TestMediaTokenScope" name="test_media_token_rejected_on_auth_me" time="0.141" /></testsuite></testsuites>