<?xml version="1.0" encoding="utf-8"?><testsuites name="pytest tests"><testsuite name="pytest" errors="0" failures="0" skipped="0" tests="10" time="2.185" timestamp="2026-08-16T21:08:23.642720+00:00" hostname="agent-env-bc10982d-2ba3-4532-8796-8ac273f05fe5"><testcase classname="tests.test_batch5_api.TestMemoryReactions" name="test_react_toggles_love" time="1.081" /><testcase classname="tests.test_batch5_api.TestMemoryReactions" name="test_get_memory_returns_counters" time="0.169" /><testcase classname="tests.test_batch5_api.TestBirthdayWishes" name="test_list_wishes_returns_shape" time="1.209" /><testcase classname="tests.test_batch5_api.TestBirthdayWishes" name="test_add_wish_persists" time="0.121" /><testcase classname="tests.test_batch5_api.TestMemoryReactions" name="test_comments_list_and_add" time="0.300" /><testcase classname="tests.test_batch5_api.TestBirthdayWishes" name="test_invalid_member_404" time="0.118" /><testcase classname="tests.test_batch5_api.TestBirthdayWishes" name="test_empty_message_400" time="0.097" /><testcase classname="tests.test_batch5_api.TestGroupPhoto" name="test_patch_custom_group_photo" time="0.166" /><testcase classname="tests.test_batch5_api.TestGroupPhoto" name="test_patch_family_chat_photo_400" time="0.051" /><testcase classname="tests.test_batch5_api.TestGroupPhoto" name="test_patch_direct_chat_photo_400" time="0.107" /></testsuite></testsuites>