<?xml version="1.0" encoding="utf-8"?><testsuites name="pytest tests"><testsuite name="pytest" errors="0" failures="0" skipped="0" tests="7" time="3.309" timestamp="2026-08-18T10:17:10.639798+00:00" hostname="agent-env-bc10982d-2ba3-4532-8796-8ac273f05fe5"><testcase classname="tests.test_family_members_join_remove.TestFamiliesMeShape" name="test_shape_and_flags" time="0.842" /><testcase classname="tests.test_family_members_join_remove.TestInviteEndpoint" name="test_invite_code_present" time="0.275" /><testcase classname="tests.test_family_members_join_remove.TestRemoveMember" name="test_remove_self_returns_400" time="1.106" /><testcase classname="tests.test_family_members_join_remove.TestRemoveMember" name="test_remove_admin_returns_403" time="0.123" /><testcase classname="tests.test_family_members_join_remove.TestRemoveMember" name="test_remove_pending_member_ok_and_disappears" time="0.358" /><testcase classname="tests.test_family_members_join_remove.TestRemoveMember" name="test_remove_requires_auth" time="0.391" /><testcase classname="tests.test_family_members_join_remove.TestRemoveMember" name="test_non_admin_cannot_remove" time="1.004" /></testsuite></testsuites>