<?xml version="1.0" encoding="utf-8"?><testsuites name="pytest tests"><testsuite name="pytest" errors="0" failures="0" skipped="0" tests="21" time="42.978" timestamp="2026-08-18T21:01:15.067159+00:00" hostname="agent-env-bc10982d-2ba3-4532-8796-8ac273f05fe5"><testcase classname="tests.test_batch33_trusted_helpers_phase4.TestSecurityRegression" name="test_parent_token_401_on_helper_routes[/helper/care-team]" time="0.836" /><testcase classname="tests.test_batch33_trusted_helpers_phase4.TestCareTeamPhotos" name="test_parent_photo_only_message" time="1.108" /><testcase classname="tests.test_batch33_trusted_helpers_phase4.TestSecurityRegression" name="test_parent_token_401_on_helper_routes[/helper/medical]" time="0.150" /><testcase classname="tests.test_batch33_trusted_helpers_phase4.TestSecurityRegression" name="test_parent_token_401_on_helper_routes[/helper/dashboard]" time="0.138" /><testcase classname="tests.test_batch33_trusted_helpers_phase4.TestCareTeamPhotos" name="test_helper_photo_only_message" time="0.511" /><testcase classname="tests.test_batch33_trusted_helpers_phase4.TestSecurityRegression" name="test_helper_token_401_on_family_routes[/care-team/chat]" time="0.487" /><testcase classname="tests.test_batch33_trusted_helpers_phase4.TestSecurityRegression" name="test_helper_token_401_on_family_routes[/care-team/unread]" time="0.131" /><testcase classname="tests.test_batch33_trusted_helpers_phase4.TestCareTeamPhotos" name="test_text_only_still_works" time="15.310" /><testcase classname="tests.test_batch33_trusted_helpers_phase4.TestSecurityRegression" name="test_helper_token_401_on_family_routes[/helpers/help_c77a0a30120545bb/ratings]" time="0.132" /><testcase classname="tests.test_batch33_trusted_helpers_phase4.TestSecurityRegression" name="test_helper_without_chat_permission_still_403" time="37.016" /><testcase classname="tests.test_batch33_trusted_helpers_phase4.TestCareTeamPhotos" name="test_empty_message_rejected" time="8.526" /><testcase classname="tests.test_batch33_trusted_helpers_phase4.TestCareTeamPhotos" name="test_care_team_photo_isolated_from_family_and_1to1_chat" time="13.967" /><testcase classname="tests.test_batch33_trusted_helpers_phase4.TestSecurityRegression" name="test_medical_still_privacy_scrubbed" time="0.153" /><testcase classname="tests.test_batch33_trusted_helpers_phase4.TestSecurityRegression" name="test_paused_helper_blocked_on_phase4_endpoints" time="1.863" /><testcase classname="tests.test_batch33_trusted_helpers_phase4.TestTripETAAlerts" name="test_dest_can_be_patched" time="0.446" /><testcase classname="tests.test_batch33_trusted_helpers_phase4.TestTripETAAlerts" name="test_location_before_start_trip_returns_400" time="0.134" /><testcase classname="tests.test_batch33_trusted_helpers_phase4.TestTripETAAlerts" name="test_far_point_no_alert_then_near_fires_exactly_one" time="1.212" /><testcase classname="tests.test_batch33_trusted_helpers_phase4.TestPickupCreatePersistence" name="test_create_pickup_persists_all_pickup_fields" time="0.542" /><testcase classname="tests.test_batch33_trusted_helpers_phase4.TestShiftReminder" name="test_dashboard_shift_shape" time="0.138" /><testcase classname="tests.test_batch33_trusted_helpers_phase4.TestShiftReminder" name="test_reminder_true_when_30min_ahead_and_false_when_3h_ahead" time="0.708" /><testcase classname="tests.test_batch33_trusted_helpers_phase4.TestPickupCreatePersistence" name="test_create_pickup_without_dest_still_persists_from_to" time="0.365" /></testsuite></testsuites>