<?xml version="1.0" encoding="utf-8"?><testsuites name="pytest tests"><testsuite name="pytest" errors="0" failures="0" skipped="0" tests="16" time="3.331" timestamp="2026-08-17T07:58:06.981605+00:00" hostname="agent-env-bc10982d-2ba3-4532-8796-8ac273f05fe5"><testcase classname="tests.test_batch16_recurring_seen_delegates.TestNoticeSeen" name="test_mark_seen_idempotent" time="0.960" /><testcase classname="tests.test_batch16_recurring_seen_delegates.TestRecurringEvents" name="test_weekly_repeat_count_creates_4_events_with_series_id" time="1.032" /><testcase classname="tests.test_batch16_recurring_seen_delegates.TestNoticeSeen" name="test_notice_detail_returns_seen_fields" time="0.228" /><testcase classname="tests.test_batch16_recurring_seen_delegates.TestRecurringEvents" name="test_monthly_repeat_short_month_clamps" time="0.237" /><testcase classname="tests.test_batch16_recurring_seen_delegates.TestNoticeSeen" name="test_notices_list_includes_seen_count" time="0.209" /><testcase classname="tests.test_batch16_recurring_seen_delegates.TestRecurringEvents" name="test_repeat_end_date_bounds_series" time="0.194" /><testcase classname="tests.test_batch16_recurring_seen_delegates.TestRecurringEvents" name="test_delete_occurrence_removes_whole_series" time="0.322" /><testcase classname="tests.test_batch16_recurring_seen_delegates.TestNoticeSeen" name="test_home_notices_preview_includes_seen_count" time="0.352" /><testcase classname="tests.test_batch16_recurring_seen_delegates.TestRecurringEvents" name="test_patch_applies_to_series_but_keeps_dates" time="0.411" /><testcase classname="tests.test_batch16_recurring_seen_delegates.TestEmergencyDelegates" name="test_grant_and_list_delegate_for_adult" time="0.321" /><testcase classname="tests.test_batch16_recurring_seen_delegates.TestEmergencyDelegates" name="test_delete_delegate_removes_from_list" time="0.176" /><testcase classname="tests.test_batch16_recurring_seen_delegates.TestRecurringEvents" name="test_invite_ics_contains_rrule_weekly_count" time="0.274" /><testcase classname="tests.test_batch16_recurring_seen_delegates.TestEmergencyDelegates" name="test_grant_child_returns_400" time="0.046" /><testcase classname="tests.test_batch16_recurring_seen_delegates.TestEmergencyDelegates" name="test_grant_unknown_member_returns_404" time="0.044" /><testcase classname="tests.test_batch16_recurring_seen_delegates.TestRecurringEvents" name="test_invite_ics_contains_rrule_monthly_until" time="0.309" /><testcase classname="tests.test_batch16_recurring_seen_delegates.TestRecurringEvents" name="test_non_recurring_has_no_series_id" time="0.179" /></testsuite></testsuites>