<?xml version="1.0" encoding="utf-8"?><testsuites name="pytest tests"><testsuite name="pytest" errors="0" failures="0" skipped="0" tests="13" time="8.757" timestamp="2026-08-17T15:15:01.794374+00:00" hostname="agent-env-bc10982d-2ba3-4532-8796-8ac273f05fe5"><testcase classname="tests.test_batch21_rate_limit_media_token.TestLoginRateLimit" name="test_5x401_then_429" time="2.461" /><testcase classname="tests.test_batch21_rate_limit_media_token.TestAuthCoreRegression" name="test_auth_me" time="1.115" /><testcase classname="tests.test_batch21_rate_limit_media_token.TestAuthCoreRegression" name="test_core_get[/home]" time="0.390" /><testcase classname="tests.test_batch21_rate_limit_media_token.TestAuthCoreRegression" name="test_core_get[/families/members]" time="0.427" /><testcase classname="tests.test_batch21_rate_limit_media_token.TestAuthCoreRegression" name="test_core_get[/events]" time="0.419" /><testcase classname="tests.test_batch21_rate_limit_media_token.TestAuthCoreRegression" name="test_core_get[/notices]" time="0.157" /><testcase classname="tests.test_batch21_rate_limit_media_token.TestLoginRateLimit" name="test_board_valid_login_unaffected" time="0.364" /><testcase classname="tests.test_batch21_rate_limit_media_token.TestAuthCoreRegression" name="test_core_get[/vault/items]" time="0.324" /><testcase classname="tests.test_batch21_rate_limit_media_token.TestLoginRateLimit" name="test_success_clears_counter" time="3.331" /><testcase classname="tests.test_batch21_rate_limit_media_token.TestAuthCoreRegression" name="test_core_get[/emergency/medical]" time="0.364" /><testcase classname="tests.test_batch21_rate_limit_media_token.TestMediaToken" name="test_auth_me_returns_media_token" time="0.536" /><testcase classname="tests.test_batch21_rate_limit_media_token.TestMediaToken" name="test_media_token_rejected_on_api" time="0.257" /><testcase classname="tests.test_batch21_rate_limit_media_token.TestMediaToken" name="test_file_access_via_media_token_query" time="1.464" /></testsuite></testsuites>