<?xml version="1.0" encoding="utf-8"?><testsuites name="pytest tests"><testsuite name="pytest" errors="0" failures="0" skipped="0" tests="11" time="4.367" timestamp="2026-08-18T18:07:28.957130+00:00" hostname="agent-env-bc10982d-2ba3-4532-8796-8ac273f05fe5"><testcase classname="tests.test_batch29_chat_retention_location_files_storage.TestRetention" name="test_set_retention_7_persists" time="1.194" /><testcase classname="tests.test_batch29_chat_retention_location_files_storage.TestLocationMessages" name="test_send_location_message" time="0.896" /><testcase classname="tests.test_batch29_chat_retention_location_files_storage.TestLocationMessages" name="test_send_live_location_and_stop" time="0.565" /><testcase classname="tests.test_batch29_chat_retention_location_files_storage.TestRetention" name="test_retention_invalid_becomes_null" time="0.129" /><testcase classname="tests.test_batch29_chat_retention_location_files_storage.TestRetention" name="test_retention_off" time="0.157" /><testcase classname="tests.test_batch29_chat_retention_location_files_storage.TestLocationMessages" name="test_update_location_not_found_404" time="0.153" /><testcase classname="tests.test_batch29_chat_retention_location_files_storage.TestFileMessage" name="test_upload_document_and_send_and_serve" time="1.505" /><testcase classname="tests.test_batch29_chat_retention_location_files_storage.TestStorage" name="test_usage_shape" time="0.181" /><testcase classname="tests.test_batch29_chat_retention_location_files_storage.TestStorage" name="test_cleanup_chat_media_safe" time="0.151" /><testcase classname="tests.test_batch29_chat_retention_location_files_storage.TestStorage" name="test_cleanup_chat_history_fresh_family" time="1.391" /><testcase classname="tests.test_batch29_chat_retention_location_files_storage.TestFileMessage" name="test_file_scoped_to_family" time="1.041" /></testsuite></testsuites>