<?xml version="1.0" encoding="utf-8"?><testsuites name="pytest tests"><testsuite name="pytest" errors="0" failures="0" skipped="0" tests="8" time="4.433" timestamp="2026-08-18T22:06:55.033933+00:00" hostname="agent-env-bc10982d-2ba3-4532-8796-8ac273f05fe5"><testcase classname="tests.test_batch35_home_and_helper_notifs.TestHomeTasksDone" name="test_home_tasks_open_regression" time="0.625" /><testcase classname="tests.test_batch35_home_and_helper_notifs.TestHelperNotifications" name="test_dashboard_exposes_notif_unread" time="0.833" /><testcase classname="tests.test_batch35_home_and_helper_notifs.TestHomeTasksDone" name="test_toggle_records_done_by_and_appears_in_tasks_done_today" time="1.419" /><testcase classname="tests.test_batch35_home_and_helper_notifs.TestHelperNotifications" name="test_feed_shape_and_ordering" time="1.080" /><testcase classname="tests.test_batch35_home_and_helper_notifs.TestHelperNotifications" name="test_read_zeros_unread" time="0.388" /><testcase classname="tests.test_batch35_home_and_helper_notifs.TestChoreDoneBy" name="test_chore_complete_records_done_by_and_home_shows_it" time="1.063" /><testcase classname="tests.test_batch35_home_and_helper_notifs.TestHelperNotifications" name="test_feed_excludes_family_chat_db_messages" time="0.270" /><testcase classname="tests.test_batch35_home_and_helper_notifs.TestHelperNotifications" name="test_helper_without_chat_perm_gets_no_chat_or_care_team" time="1.195" /></testsuite></testsuites>