<?xml version="1.0" encoding="utf-8"?><testsuites name="pytest tests"><testsuite name="pytest" errors="0" failures="0" skipped="0" tests="16" time="3.136" timestamp="2026-08-16T23:05:44.152822+00:00" hostname="agent-env-bc10982d-2ba3-4532-8796-8ac273f05fe5"><testcase classname="tests.test_batch10_wishlists.TestSecretGiftMode" name="test_reserve_flow_end_to_end" time="1.089" /><testcase classname="tests.test_batch10_wishlists.TestItemCRUD" name="test_post_empty_name_returns_400" time="0.836" /><testcase classname="tests.test_batch10_wishlists.TestItemCRUD" name="test_admin_can_add_to_family_list" time="0.107" /><testcase classname="tests.test_batch10_wishlists.TestItemCRUD" name="test_admin_can_add_to_other_members_list" time="0.243" /><testcase classname="tests.test_batch10_wishlists.TestItemCRUD" name="test_patch_edit" time="0.338" /><testcase classname="tests.test_batch10_wishlists.TestItemCRUD" name="test_delete_and_verify_404" time="0.193" /><testcase classname="tests.test_batch10_wishlists.TestSecretGiftMode" name="test_reserve_family_item_400" time="0.644" /><testcase classname="tests.test_batch10_wishlists.TestOwnerList" name="test_aarav_list_shows_lego_reserved_by_meera" time="0.049" /><testcase classname="tests.test_batch10_wishlists.TestSecretGiftMode" name="test_reserve_own_wish_400" time="0.461" /><testcase classname="tests.test_batch10_wishlists.TestOwnerList" name="test_family_list_items_not_reservable" time="0.058" /><testcase classname="tests.test_batch10_wishlists.TestOwnerList" name="test_owner_missing_member_returns_404" time="0.047" /><testcase classname="tests.test_batch10_wishlists.TestSecretGiftMode" name="test_reserve_already_reserved_by_other_409" time="0.097" /><testcase classname="tests.test_batch10_wishlists.TestSecretGiftMode" name="test_unreserve_by_non_reserver_403" time="0.094" /><testcase classname="tests.test_batch10_wishlists.TestGiftNotes" name="test_adult_non_owner_can_read_and_add" time="0.691" /><testcase classname="tests.test_batch10_wishlists.TestGiftNotes" name="test_notes_forbidden_on_family_item" time="0.186" /><testcase classname="tests.test_batch10_wishlists.TestOverview" name="test_overview_shape_and_counts" time="0.054" /></testsuite></testsuites>