<?xml version="1.0" encoding="utf-8"?><testsuites name="pytest tests"><testsuite name="pytest" errors="0" failures="0" skipped="0" tests="13" time="2.669" timestamp="2026-08-16T22:44:34.350372+00:00" hostname="agent-env-bc10982d-2ba3-4532-8796-8ac273f05fe5"><testcase classname="tests.test_batch9_recipes_meals.TestMealPlanner" name="test_get_meals_seeded" time="0.665" /><testcase classname="tests.test_batch9_recipes_meals.TestRecipes" name="test_list_seeded" time="0.708" /><testcase classname="tests.test_batch9_recipes_meals.TestMealPlanner" name="test_post_meal_replaces_not_duplicates" time="0.210" /><testcase classname="tests.test_batch9_recipes_meals.TestRecipes" name="test_create_and_get" time="0.135" /><testcase classname="tests.test_batch9_recipes_meals.TestRecipes" name="test_empty_title_rejected" time="0.088" /><testcase classname="tests.test_batch9_recipes_meals.TestMealPlanner" name="test_invalid_slot_rejected" time="0.091" /><testcase classname="tests.test_batch9_recipes_meals.TestRecipes" name="test_get_unknown_returns_404" time="0.093" /><testcase classname="tests.test_batch9_recipes_meals.TestMealPlanner" name="test_invalid_day_rejected" time="0.102" /><testcase classname="tests.test_batch9_recipes_meals.TestMealPlanner" name="test_unknown_recipe_returns_404" time="0.093" /><testcase classname="tests.test_batch9_recipes_meals.TestMealPlanner" name="test_delete_meal" time="0.468" /><testcase classname="tests.test_batch9_recipes_meals.TestRecipes" name="test_delete_permissions_and_cascade" time="0.992" /><testcase classname="tests.test_batch9_recipes_meals.TestMealToShopping" name="test_empty_week_returns_400" time="0.049" /><testcase classname="tests.test_batch9_recipes_meals.TestMealToShopping" name="test_idempotent_autofill" time="0.295" /></testsuite></testsuites>