<?xml version="1.0" encoding="utf-8"?><testsuites name="pytest tests"><testsuite name="pytest" errors="0" failures="0" skipped="0" tests="11" time="1.972" timestamp="2026-08-16T20:42:05.065030+00:00" hostname="agent-env-bc10982d-2ba3-4532-8796-8ac273f05fe5"><testcase classname="tests.test_pin_group_push_api.TestGroupManagement" name="test_patch_family_chat_rejected" time="0.927" /><testcase classname="tests.test_pin_group_push_api.TestPinMessage" name="test_pin_and_get_returns_pinned_message_with_sender" time="1.088" /><testcase classname="tests.test_pin_group_push_api.TestGroupManagement" name="test_patch_direct_chat_rejected" time="0.150" /><testcase classname="tests.test_pin_group_push_api.TestGroupManagement" name="test_rename_and_add_remove_members_on_custom_group" time="0.111" /><testcase classname="tests.test_pin_group_push_api.TestPinMessage" name="test_second_pin_replaces_first" time="0.278" /><testcase classname="tests.test_pin_group_push_api.TestGroupManagement" name="test_caller_cannot_be_removed" time="0.106" /><testcase classname="tests.test_pin_group_push_api.TestGroupManagement" name="test_min_two_members_enforced" time="0.145" /><testcase classname="tests.test_pin_group_push_api.TestPinMessage" name="test_unpin_clears_pinned_message" time="0.171" /><testcase classname="tests.test_pin_group_push_api.TestPushRegistration" name="test_register_push_placeholder_returns_500" time="0.123" /><testcase classname="tests.test_pin_group_push_api.TestPinMessage" name="test_pin_unknown_message_returns_404" time="0.118" /><testcase classname="tests.test_pin_group_push_api.TestPushRegistration" name="test_test_reminder_returns_recipients_and_push_ok_false" time="0.098" /></testsuite></testsuites>