<?xml version="1.0" encoding="utf-8"?><testsuites name="pytest tests"><testsuite name="pytest" errors="0" failures="0" skipped="0" tests="11" time="2.553" timestamp="2026-08-17T07:23:38.787794+00:00" hostname="agent-env-bc10982d-2ba3-4532-8796-8ac273f05fe5"><testcase classname="tests.test_batch15_rsvp_notice_photo.TestNoticePhoto" name="test_get_notices_list_returns_photo_url" time="0.916" /><testcase classname="tests.test_batch15_rsvp_notice_photo.TestEventRsvp" name="test_rsvp_going_by_owner" time="0.987" /><testcase classname="tests.test_batch15_rsvp_notice_photo.TestNoticePhoto" name="test_get_notice_detail_returns_photo_url" time="0.240" /><testcase classname="tests.test_batch15_rsvp_notice_photo.TestEventRsvp" name="test_rsvp_maybe_updates_summary" time="0.270" /><testcase classname="tests.test_batch15_rsvp_notice_photo.TestNoticePhoto" name="test_home_notices_preview_returns_photo_url" time="0.274" /><testcase classname="tests.test_batch15_rsvp_notice_photo.TestEventRsvp" name="test_rsvp_declined_updates_summary" time="0.251" /><testcase classname="tests.test_batch15_rsvp_notice_photo.TestNoticePhoto" name="test_notice_without_photo_is_null" time="0.131" /><testcase classname="tests.test_batch15_rsvp_notice_photo.TestEventRsvp" name="test_rsvp_invalid_status_returns_400" time="0.203" /><testcase classname="tests.test_batch15_rsvp_notice_photo.TestEventRsvp" name="test_rsvp_missing_event_404" time="0.051" /><testcase classname="tests.test_batch15_rsvp_notice_photo.TestEventRsvp" name="test_list_events_includes_rsvp_summary_and_my_rsvp" time="0.265" /><testcase classname="tests.test_batch15_rsvp_notice_photo.TestEventRsvp" name="test_rsvp_non_invited_returns_403" time="0.200" /></testsuite></testsuites>