<?xml version="1.0" encoding="utf-8"?><testsuites name="pytest tests"><testsuite name="pytest" errors="0" failures="0" skipped="0" tests="6" time="1.800" timestamp="2026-08-19T08:02:48.156034+00:00" hostname="agent-env-bc10982d-2ba3-4532-8796-8ac273f05fe5"><testcase classname="tests.test_batch39_tasks_upcoming.TestAuthGuard" name="test_upcoming_requires_auth" time="0.258" /><testcase classname="tests.test_batch39_tasks_upcoming.TestUpcomingShape" name="test_returns_tasks_and_can_manage" time="0.769" /><testcase classname="tests.test_batch39_tasks_upcoming.TestUpcomingShape" name="test_task_item_fields" time="0.114" /><testcase classname="tests.test_batch39_tasks_upcoming.TestToggleRemovesTask" name="test_toggle_open_task_removes_from_upcoming" time="1.240" /><testcase classname="tests.test_batch39_tasks_upcoming.TestUpcomingShape" name="test_sorted_by_due_date_undated_last_ok" time="0.121" /><testcase classname="tests.test_batch39_tasks_upcoming.TestUpcomingShape" name="test_family_scoped_no_id_leak" time="0.169" /></testsuite></testsuites>