<?xml version="1.0" encoding="utf-8"?><testsuites name="pytest tests"><testsuite name="pytest" errors="0" failures="0" skipped="1" tests="7" time="3.369" timestamp="2026-08-19T06:34:07.658048+00:00" hostname="agent-env-bc10982d-2ba3-4532-8796-8ac273f05fe5"><testcase classname="tests.test_batch36_task_nudge_helper_focus.TestTaskNudge" name="test_nudge_open_task_with_assignee" time="1.388" /><testcase classname="tests.test_batch36_task_nudge_helper_focus.TestHelperNotifFocus" name="test_chat_and_care_team_items_carry_focus_message_id" time="1.470" /><testcase classname="tests.test_batch36_task_nudge_helper_focus.TestTaskNudge" name="test_nudge_task_without_assignee_posts_to_family" time="0.661" /><testcase classname="tests.test_batch36_task_nudge_helper_focus.TestHelperNotifFocus" name="test_family_chat_still_isolated_from_feed" time="0.118" /><testcase classname="tests.test_batch36_task_nudge_helper_focus.TestTaskNudge" name="test_nudge_done_task_returns_400" time="0.574" /><testcase classname="tests.test_batch36_task_nudge_helper_focus.TestTaskNudge" name="test_nudge_unknown_item_returns_404" time="0.135" /><testcase classname="tests.test_batch36_task_nudge_helper_focus.TestTaskNudge" name="test_child_cannot_nudge_other_persons_task" time="0.000"><skipped type="pytest.skip" message="no linked child account available for 403 test">/app/backend/tests/test_batch36_task_nudge_helper_focus.py:196: no linked child account available for 403 test</skipped></testcase></testsuite></testsuites>