<?xml version="1.0" encoding="utf-8"?><testsuites name="pytest tests"><testsuite name="pytest" errors="0" failures="0" skipped="0" tests="7" time="4.353" timestamp="2026-08-19T09:01:21.630723+00:00" hostname="agent-env-bc10982d-2ba3-4532-8796-8ac273f05fe5"><testcase classname="tests.test_batch42_vault_expiry_notifications.TestVaultExpiryInNotifications" name="test_protectdemo_notifications_include_vault_expiry" time="0.996" /><testcase classname="tests.test_batch42_vault_expiry_notifications.TestVaultExpiryVisibility" name="test_expiring_endpoint_uses_same_visibility_helper" time="0.702" /><testcase classname="tests.test_batch42_vault_expiry_notifications.TestVaultExpiryVisibility" name="test_child_member_without_login_cannot_be_tested_here" time="1.760" /><testcase classname="tests.test_batch42_vault_expiry_notifications.TestVaultExpiryInNotifications" name="test_vault_expiry_title_shape" time="0.808" /><testcase classname="tests.test_batch42_vault_expiry_notifications.TestVaultExpiryInNotifications" name="test_unread_count_includes_vault_expiry" time="0.582" /><testcase classname="tests.test_batch42_vault_expiry_notifications.TestVaultExpiryVisibility" name="test_selected_visibility_scoped_item_only_visible_to_listed_members" time="1.226" /><testcase classname="tests.test_batch42_vault_expiry_notifications.TestVaultExpiryVisibility" name="test_no_title_leak_in_subtitle" time="0.360" /></testsuite></testsuites>