<?xml version="1.0" encoding="utf-8"?><testsuites name="pytest tests"><testsuite name="pytest" errors="0" failures="1" skipped="0" tests="32" time="4.806" timestamp="2026-08-16T19:32:34.840086+00:00" hostname="agent-env-bc10982d-2ba3-4532-8796-8ac273f05fe5"><testcase classname="tests.test_familyhome_api.TestAuth" name="test_register_returns_token_and_user" time="0.547" /><testcase classname="tests.test_familyhome_api.TestOnboarding" name="test_new_user_no_family" time="0.993" /><testcase classname="tests.test_familyhome_api.TestAuth" name="test_login_success" time="0.445" /><testcase classname="tests.test_familyhome_api.TestAuth" name="test_login_invalid_returns_401" time="0.272" /><testcase classname="tests.test_familyhome_api.TestOnboarding" name="test_home_without_family_returns_400" time="0.274" /><testcase classname="tests.test_familyhome_api.TestAuth" name="test_register_duplicate_returns_400" time="0.051" /><testcase classname="tests.test_familyhome_api.TestOnboarding" name="test_seed_demo_creates_family" time="0.472"><failure message="AssertionError: assert 'Raj' == 'TEST Seed'&#10;  &#10;  - TEST Seed&#10;  + Raj">backend/tests/test_familyhome_api.py:97: in test_seed_demo_creates_family
    assert home["me"]["name"] == "TEST Seed"
E   AssertionError: assert 'Raj' == 'TEST Seed'
E     
E     - TEST Seed
E     + Raj</failure></testcase><testcase classname="tests.test_familyhome_api.TestAuth" name="test_me_returns_user_and_member" time="0.235" /><testcase classname="tests.test_familyhome_api.TestAuth" name="test_me_no_token_returns_401" time="0.049" /><testcase classname="tests.test_familyhome_api.TestFeed" name="test_list_posts_hydrated" time="0.056" /><testcase classname="tests.test_familyhome_api.TestFeed" name="test_react_and_unreact_toggle" time="0.473" /><testcase classname="tests.test_familyhome_api.TestOnboarding" name="test_create_family" time="0.426" /><testcase classname="tests.test_familyhome_api.TestFeed" name="test_comment_flow" time="0.336" /><testcase classname="tests.test_familyhome_api.TestOnboarding" name="test_join_family_invalid_code" time="0.372" /><testcase classname="tests.test_familyhome_api.TestFeed" name="test_create_and_delete_post" time="0.471" /><testcase classname="tests.test_familyhome_api.TestAffection" name="test_inbox_has_unseen" time="0.337" /><testcase classname="tests.test_familyhome_api.TestAffection" name="test_send_affection_to_family" time="0.097" /><testcase classname="tests.test_familyhome_api.TestFamily" name="test_families_me" time="0.050" /><testcase classname="tests.test_familyhome_api.TestFamily" name="test_member_detail" time="0.144" /><testcase classname="tests.test_familyhome_api.TestAffection" name="test_send_affection_to_member" time="0.120" /><testcase classname="tests.test_familyhome_api.TestAffection" name="test_mark_seen_and_timeline" time="0.221" /><testcase classname="tests.test_familyhome_api.TestFamily" name="test_invite_code" time="0.092" /><testcase classname="tests.test_familyhome_api.TestFamily" name="test_add_member" time="0.094" /><testcase classname="tests.test_familyhome_api.TestCalendar" name="test_list_events" time="0.061" /><testcase classname="tests.test_familyhome_api.TestChores" name="test_list_chores" time="0.062" /><testcase classname="tests.test_familyhome_api.TestCalendar" name="test_create_and_delete_event" time="0.188" /><testcase classname="tests.test_familyhome_api.TestChores" name="test_complete_uncomplete_and_stars" time="0.336" /><testcase classname="tests.test_familyhome_api.TestHome" name="test_home_dashboard_shape" time="0.056" /><testcase classname="tests.test_familyhome_api.TestShopping" name="test_shopping_full_flow" time="0.305" /><testcase classname="tests.test_familyhome_api.TestChores" name="test_create_and_delete_chore" time="0.169" /><testcase classname="tests.test_familyhome_api.TestTodos" name="test_todo_full_flow" time="0.504" /><testcase classname="tests.test_familyhome_api.TestMedia" name="test_upload_and_serve" time="0.522" /></testsuite></testsuites>