<?xml version="1.0" encoding="utf-8"?><testsuites name="pytest tests"><testsuite name="pytest" errors="0" failures="0" skipped="0" tests="13" time="3.748" timestamp="2026-08-16T19:53:50.532187+00:00" hostname="agent-env-bc10982d-2ba3-4532-8796-8ac273f05fe5"><testcase classname="tests.test_chat_api.TestReadTypingUnread" name="test_mark_read_updates_reads_map" time="0.913" /><testcase classname="tests.test_chat_api.TestReadTypingUnread" name="test_typing_marker" time="0.211" /><testcase classname="tests.test_chat_api.TestMessages" name="test_send_text_and_get" time="1.282" /><testcase classname="tests.test_chat_api.TestReadTypingUnread" name="test_unread_count_flow" time="0.166" /><testcase classname="tests.test_chat_api.TestMessages" name="test_send_reply" time="0.333" /><testcase classname="tests.test_chat_api.TestReadTypingUnread" name="test_home_unread_updates_after_read" time="0.224" /><testcase classname="tests.test_chat_api.TestChatList" name="test_list_auto_creates_family_and_hydrates" time="0.056" /><testcase classname="tests.test_chat_api.TestChatList" name="test_home_returns_unread_messages" time="0.404" /><testcase classname="tests.test_chat_api.TestMessages" name="test_send_affection_creates_love_record" time="0.587" /><testcase classname="tests.test_chat_api.TestCreateChat" name="test_create_direct_dedupes" time="0.107" /><testcase classname="tests.test_chat_api.TestCreateChat" name="test_create_group_with_multi_members" time="0.060" /><testcase classname="tests.test_chat_api.TestMessages" name="test_non_member_gets_404" time="0.442" /><testcase classname="tests.test_chat_api.TestSortAndUpdateLastMessage" name="test_send_message_updates_last_message_and_sort" time="0.797" /></testsuite></testsuites>