<?xml version="1.0" encoding="utf-8"?><testsuites name="pytest tests"><testsuite name="pytest" errors="0" failures="0" skipped="0" tests="13" time="4.113" timestamp="2026-08-17T14:46:44.004772+00:00" hostname="agent-env-bc10982d-2ba3-4532-8796-8ac273f05fe5"><testcase classname="tests.test_security_fixes.TestRegressionAuthCore" name="test_login_and_me" time="0.951" /><testcase classname="tests.test_security_fixes.TestRegressionAuthCore" name="test_core_authed_get[/home]" time="0.277" /><testcase classname="tests.test_security_fixes.TestSEC002FileBOLA" name="test_same_family_token_returns_200" time="1.867" /><testcase classname="tests.test_security_fixes.TestRegressionAuthCore" name="test_core_authed_get[/families/members]" time="0.154" /><testcase classname="tests.test_security_fixes.TestRegressionAuthCore" name="test_core_authed_get[/events]" time="0.164" /><testcase classname="tests.test_security_fixes.TestRegressionAuthCore" name="test_core_authed_get[/notices]" time="0.238" /><testcase classname="tests.test_security_fixes.TestRegressionAuthCore" name="test_core_authed_get[/vault/items]" time="0.277" /><testcase classname="tests.test_security_fixes.TestSEC002FileBOLA" name="test_no_token_returns_401" time="0.234" /><testcase classname="tests.test_security_fixes.TestRegressionAuthCore" name="test_core_authed_get[/emergency/medical]" time="0.131" /><testcase classname="tests.test_security_fixes.TestSEC001RegisterPushAuth" name="test_no_token_returns_401" time="0.292" /><testcase classname="tests.test_security_fixes.TestSEC001RegisterPushAuth" name="test_with_token_is_authenticated" time="0.164" /><testcase classname="tests.test_security_fixes.TestSEC002FileBOLA" name="test_different_family_token_returns_404" time="1.047" /><testcase classname="tests.test_security_fixes.TestP3MemberAddAuthorization" name="test_admin_can_add_member" time="0.616" /></testsuite></testsuites>