<?xml version="1.0" encoding="utf-8"?><testsuites name="pytest tests"><testsuite name="pytest" errors="0" failures="0" skipped="1" tests="8" time="2.530" timestamp="2026-08-19T07:01:32.194055+00:00" hostname="agent-env-bc10982d-2ba3-4532-8796-8ac273f05fe5"><testcase classname="tests.test_batch37_helper_profile_and_overdue.TestHelperProfileFields" name="test_patch_helper_persists_all_fields" time="0.839" /><testcase classname="tests.test_batch37_helper_profile_and_overdue.TestOverdueReminders" name="test_nudge_overdue_no_overdue_returns_zero" time="0.772" /><testcase classname="tests.test_batch37_helper_profile_and_overdue.TestOverdueReminders" name="test_nudge_overdue_with_seeded_overdue" time="0.549" /><testcase classname="tests.test_batch37_helper_profile_and_overdue.TestHelperProfileFields" name="test_post_helpers_returns_address_and_idcard" time="0.133" /><testcase classname="tests.test_batch37_helper_profile_and_overdue.TestHelperProfileFields" name="test_helper_me_hides_idcard_url" time="0.531" /><testcase classname="tests.test_batch37_helper_profile_and_overdue.TestOverdueReminders" name="test_nudge_overdue_child_gets_403" time="0.000"><skipped type="pytest.skip" message="No exposed child auth flow in demo env — parent-only guard curl-verified by main agent.">/app/backend/tests/test_batch37_helper_profile_and_overdue.py:232: No exposed child auth flow in demo env — parent-only guard curl-verified by main agent.</skipped></testcase><testcase classname="tests.test_batch37_helper_profile_and_overdue.TestHelperProfileFields" name="test_helper_login_response_hides_idcard_url" time="0.448" /><testcase classname="tests.test_batch37_helper_profile_and_overdue.TestHelperProfileFields" name="test_helper_media_token_cannot_fetch_parent_idcard" time="0.268" /></testsuite></testsuites>