<?xml version="1.0" encoding="utf-8"?><testsuites name="pytest tests"><testsuite name="pytest" errors="0" failures="0" skipped="0" tests="11" time="2.728" timestamp="2026-08-19T10:23:30.451890+00:00" hostname="agent-env-bc10982d-2ba3-4532-8796-8ac273f05fe5"><testcase classname="tests.test_batch46_past_date_block.TestEventPastDate" name="test_create_past_date_rejected" time="0.806" /><testcase classname="tests.test_batch46_past_date_block.TestTodoPastDate" name="test_add_item_past_date_rejected" time="0.831" /><testcase classname="tests.test_batch46_past_date_block.TestEventPastDate" name="test_create_yesterday_rejected" time="0.095" /><testcase classname="tests.test_batch46_past_date_block.TestTodoPastDate" name="test_add_item_yesterday_rejected" time="0.151" /><testcase classname="tests.test_batch46_past_date_block.TestEventPastDate" name="test_create_today_succeeds" time="0.349" /><testcase classname="tests.test_batch46_past_date_block.TestTodoPastDate" name="test_add_item_today_succeeds" time="0.093" /><testcase classname="tests.test_batch46_past_date_block.TestTodoPastDate" name="test_add_item_future_succeeds" time="0.099" /><testcase classname="tests.test_batch46_past_date_block.TestTodoPastDate" name="test_add_item_no_date_succeeds" time="0.615" /><testcase classname="tests.test_batch46_past_date_block.TestEventPastDate" name="test_create_future_succeeds" time="0.116" /><testcase classname="tests.test_batch46_past_date_block.TestEventPastDate" name="test_patch_move_to_past_rejected" time="0.361" /><testcase classname="tests.test_batch46_past_date_block.TestEventPastDate" name="test_patch_title_only_on_past_event_succeeds" time="0.675" /></testsuite></testsuites>