<?xml version="1.0" encoding="utf-8"?><testsuites name="pytest tests"><testsuite name="pytest" errors="0" failures="0" skipped="0" tests="18" time="2.415" timestamp="2026-08-16T23:37:37.741636+00:00" hostname="agent-env-bc10982d-2ba3-4532-8796-8ac273f05fe5"><testcase classname="tests.test_batch11_vault_emergency.TestVaultItems" name="test_list_items" time="0.600" /><testcase classname="tests.test_batch11_vault_emergency.TestVaultItems" name="test_filter_by_kind_insurance" time="0.050" /><testcase classname="tests.test_batch11_vault_emergency.TestEmergencyContacts" name="test_list_critical_first" time="0.657" /><testcase classname="tests.test_batch11_vault_emergency.TestVaultItems" name="test_create_document_and_persist" time="0.154" /><testcase classname="tests.test_batch11_vault_emergency.TestEmergencyContacts" name="test_missing_name_or_phone_400" time="0.207" /><testcase classname="tests.test_batch11_vault_emergency.TestVaultItems" name="test_create_insurance_full_fields" time="0.455" /><testcase classname="tests.test_batch11_vault_emergency.TestEmergencyContacts" name="test_crud_contact" time="0.155" /><testcase classname="tests.test_batch11_vault_emergency.TestEmergencyInstructions" name="test_list_has_3_seeded" time="0.059" /><testcase classname="tests.test_batch11_vault_emergency.TestEmergencyInstructions" name="test_create_patch_delete" time="0.282" /><testcase classname="tests.test_batch11_vault_emergency.TestVaultFolders" name="test_list_folders_with_counts" time="0.047" /><testcase classname="tests.test_batch11_vault_emergency.TestVaultFolders" name="test_create_and_delete_folder" time="0.263" /><testcase classname="tests.test_batch11_vault_emergency.TestMedicalCards" name="test_get_aarav" time="0.144" /><testcase classname="tests.test_batch11_vault_emergency.TestMedicalCards" name="test_put_aarav_updates" time="0.276" /><testcase classname="tests.test_batch11_vault_emergency.TestRegression" name="test_wishlists_overview" time="0.047" /><testcase classname="tests.test_batch11_vault_emergency.TestRegression" name="test_members_endpoint" time="0.047" /><testcase classname="tests.test_batch11_vault_emergency.TestSOS" name="test_trigger_and_resolve" time="0.361" /><testcase classname="tests.test_batch11_vault_emergency.TestVaultExpiries" name="test_expiries_sorted_and_shape" time="0.054" /><testcase classname="tests.test_batch11_vault_emergency.TestFamilyPlan" name="test_get_and_put" time="0.239" /></testsuite></testsuites>