<?xml version="1.0" encoding="utf-8"?><testsuites name="pytest tests"><testsuite name="pytest" errors="0" failures="0" skipped="0" tests="14" time="5.720" timestamp="2026-08-18T13:44:34.893609+00:00" hostname="agent-env-bc10982d-2ba3-4532-8796-8ac273f05fe5"><testcase classname="tests.test_batch28_forgot_pin_child_notif.TestForgotReset" name="test_forgot_password_always_ok_for_known_email" time="1.348" /><testcase classname="tests.test_batch28_forgot_pin_child_notif.TestQuickPin" name="test_set_pin_and_me_reports_pin_set_and_family_chat" time="1.148" /><testcase classname="tests.test_batch28_forgot_pin_child_notif.TestQuickPin" name="test_pin_login_with_user_id_works" time="0.482" /><testcase classname="tests.test_batch28_forgot_pin_child_notif.TestForgotReset" name="test_forgot_password_always_ok_for_unknown_email" time="0.268" /><testcase classname="tests.test_batch28_forgot_pin_child_notif.TestForgotReset" name="test_reset_with_wrong_code_returns_400" time="0.639" /><testcase classname="tests.test_batch28_forgot_pin_child_notif.TestQuickPin" name="test_pin_login_wrong_pin_returns_401" time="0.399" /><testcase classname="tests.test_batch28_forgot_pin_child_notif.TestQuickPin" name="test_pin_login_short_pin_returns_401_not_500" time="0.220" /><testcase classname="tests.test_batch28_forgot_pin_child_notif.TestQuickPin" name="test_delete_pin_clears_state" time="0.172" /><testcase classname="tests.test_batch28_forgot_pin_child_notif.TestForgotReset" name="test_reset_with_short_password_returns_400" time="0.157" /><testcase classname="tests.test_batch28_forgot_pin_child_notif.TestNotifications" name="test_notifications_list_shape_and_read_drops_unread" time="0.458" /><testcase classname="tests.test_batch28_forgot_pin_child_notif.TestChildCredentialsAndGuards" name="test_add_member_role_admin_returns_400" time="0.479" /><testcase classname="tests.test_batch28_forgot_pin_child_notif.TestChildCredentialsAndGuards" name="test_set_credentials_and_username_login" time="1.608" /><testcase classname="tests.test_batch28_forgot_pin_child_notif.TestChildCredentialsAndGuards" name="test_set_credentials_on_admin_target_returns_403" time="0.088" /><testcase classname="tests.test_batch28_forgot_pin_child_notif.TestChildCredentialsAndGuards" name="test_non_parent_cannot_set_credentials" time="0.787" /></testsuite></testsuites>