<?xml version="1.0" encoding="utf-8"?><testsuites name="pytest tests"><testsuite name="pytest" errors="0" failures="0" skipped="0" tests="26" time="10.930" timestamp="2026-08-18T20:36:58.026111+00:00" hostname="agent-env-bc10982d-2ba3-4532-8796-8ac273f05fe5"><testcase classname="tests.test_batch32_trusted_helpers_phase3.TestMedicalSharing" name="test_medical_requires_permission_403" time="1.881" /><testcase classname="tests.test_batch32_trusted_helpers_phase3.TestCrossTokenBoundary" name="test_parent_token_rejected_on_helper_routes[/helper/care-team]" time="1.207" /><testcase classname="tests.test_batch32_trusted_helpers_phase3.TestCrossTokenBoundary" name="test_parent_token_rejected_on_helper_routes[/helper/medical]" time="0.365" /><testcase classname="tests.test_batch32_trusted_helpers_phase3.TestCrossTokenBoundary" name="test_parent_token_rejected_on_helper_routes[/helper/dashboard]" time="0.198" /><testcase classname="tests.test_batch32_trusted_helpers_phase3.TestCrossTokenBoundary" name="test_helper_token_rejected_on_family_routes[/care-team/chat]" time="0.604" /><testcase classname="tests.test_batch32_trusted_helpers_phase3.TestCrossTokenBoundary" name="test_helper_token_rejected_on_family_routes[/care-team/unread]" time="0.165" /><testcase classname="tests.test_batch32_trusted_helpers_phase3.TestMedicalSharing" name="test_medical_returns_only_safe_fields_no_leak" time="0.643" /><testcase classname="tests.test_batch32_trusted_helpers_phase3.TestCrossTokenBoundary" name="test_helper_token_rejected_on_family_routes[/helpers/help_c77a0a30120545bb/ratings]" time="0.164" /><testcase classname="tests.test_batch32_trusted_helpers_phase3.TestCrossTokenBoundary" name="test_helper_token_rejected_on_family_routes[/helpers]" time="0.166" /><testcase classname="tests.test_batch32_trusted_helpers_phase3.TestMedicalSharing" name="test_medical_shows_aarav_card_for_demo_helper" time="0.349" /><testcase classname="tests.test_batch32_trusted_helpers_phase3.TestCrossTokenBoundary" name="test_helper_token_rejected_on_family_routes[/families/me]" time="0.398" /><testcase classname="tests.test_batch32_trusted_helpers_phase3.TestMedicalSharing" name="test_medical_scoping_other_helper_cannot_see_aarav" time="1.069" /><testcase classname="tests.test_batch32_trusted_helpers_phase3.TestCrossTokenBoundary" name="test_helper_token_rejected_on_family_routes[/home]" time="0.344" /><testcase classname="tests.test_batch32_trusted_helpers_phase3.TestCareTeamRoundTrip" name="test_parent_send_helper_sees" time="0.381" /><testcase classname="tests.test_batch32_trusted_helpers_phase3.TestCareTeamIsolation" name="test_family_chat_marker_never_leaks_to_care_team" time="0.710" /><testcase classname="tests.test_batch32_trusted_helpers_phase3.TestCareTeamRoundTrip" name="test_helper_send_parent_sees_and_roster" time="0.315" /><testcase classname="tests.test_batch32_trusted_helpers_phase3.TestCareTeamRoundTrip" name="test_unread_decreases_to_zero_after_parent_read" time="1.200" /><testcase classname="tests.test_batch32_trusted_helpers_phase3.TestCareTeamIsolation" name="test_helper_1to1_chat_marker_never_leaks_to_care_team" time="0.479" /><testcase classname="tests.test_batch32_trusted_helpers_phase3.TestCareTeamIsolation" name="test_helper_without_chat_permission_returns_403" time="1.216" /><testcase classname="tests.test_batch32_trusted_helpers_phase3.TestHelperRatings" name="test_invalid_rating_400" time="0.362" /><testcase classname="tests.test_batch32_trusted_helpers_phase3.TestHelperRatings" name="test_rating_up_dashboard_flag_and_history" time="0.514" /><testcase classname="tests.test_batch32_trusted_helpers_phase3.TestHelperRatings" name="test_rating_upsert_same_day" time="0.680" /><testcase classname="tests.test_batch32_trusted_helpers_phase3.TestLivePickupLocation" name="test_location_before_start_trip_returns_400" time="0.344" /><testcase classname="tests.test_batch32_trusted_helpers_phase3.TestLivePickupLocation" name="test_location_after_start_trip_returns_200_and_visible" time="0.417" /><testcase classname="tests.test_batch32_trusted_helpers_phase3.TestLifecycleBlocking" name="test_paused_helper_phase3_blocked" time="2.014" /><testcase classname="tests.test_batch32_trusted_helpers_phase3.TestLifecycleBlocking" name="test_removed_helper_phase3_blocked" time="1.462" /></testsuite></testsuites>