<?xml version="1.0" encoding="utf-8"?><testsuites name="pytest tests"><testsuite name="pytest" errors="0" failures="0" skipped="0" tests="11" time="2.818" timestamp="2026-08-16T21:27:59.038479+00:00" hostname="agent-env-bc10982d-2ba3-4532-8796-8ac273f05fe5"><testcase classname="tests.test_batch6_api.TestPlaces" name="test_places_grouped" time="0.869" /><testcase classname="tests.test_batch6_api.TestCapsules" name="test_seeded_locked_capsule_hides_message" time="0.960" /><testcase classname="tests.test_batch6_api.TestPlaces" name="test_timeline_location_filter_case_insensitive" time="0.235" /><testcase classname="tests.test_batch6_api.TestCapsules" name="test_seeded_unlocked_capsule_exposes_message" time="0.119" /><testcase classname="tests.test_batch6_api.TestCapsules" name="test_create_capsule_ok" time="0.320" /><testcase classname="tests.test_batch6_api.TestPlaces" name="test_unknown_location_empty" time="0.093" /><testcase classname="tests.test_batch6_api.TestHighlights" name="test_shape" time="0.076" /><testcase classname="tests.test_batch6_api.TestCapsules" name="test_create_past_date_400" time="0.065" /><testcase classname="tests.test_batch6_api.TestCapsules" name="test_create_today_400" time="0.086" /><testcase classname="tests.test_batch6_api.TestCapsules" name="test_create_empty_message_400" time="0.063" /><testcase classname="tests.test_batch6_api.TestCapsules" name="test_author_can_delete_non_author_403" time="0.897" /></testsuite></testsuites>