<?xml version="1.0" encoding="utf-8"?><testsuites name="pytest tests"><testsuite name="pytest" errors="0" failures="0" skipped="0" tests="24" time="9.058" timestamp="2026-08-18T19:11:11.601255+00:00" hostname="agent-env-bc10982d-2ba3-4532-8796-8ac273f05fe5"><testcase classname="tests.test_batch30_trusted_helpers.TestParentHelperCRUD" name="test_list_roles" time="0.617" /><testcase classname="tests.test_batch30_trusted_helpers.TestParentHelperCRUD" name="test_list_helpers_contains_demo" time="0.350" /><testcase classname="tests.test_batch30_trusted_helpers.TestParentHelperCRUD" name="test_create_invite_mode" time="0.270" /><testcase classname="tests.test_batch30_trusted_helpers.TestHelperLifecycle" name="test_pause_blocks_login" time="1.491" /><testcase classname="tests.test_batch30_trusted_helpers.TestParentHelperCRUD" name="test_create_direct_mode" time="1.591" /><testcase classname="tests.test_batch30_trusted_helpers.TestHelperLifecycle" name="test_resume_reallows_login" time="0.674" /><testcase classname="tests.test_batch30_trusted_helpers.TestHelperLifecycle" name="test_signout_all_invalidates_token" time="0.670" /><testcase classname="tests.test_batch30_trusted_helpers.TestParentHelperCRUD" name="test_reject_bad_role" time="0.153" /><testcase classname="tests.test_batch30_trusted_helpers.TestHelperLifecycle" name="test_regenerate_invite" time="0.504" /><testcase classname="tests.test_batch30_trusted_helpers.TestHelperLifecycle" name="test_reset_pin_changes_login" time="1.626" /><testcase classname="tests.test_batch30_trusted_helpers.TestHelperSelfService" name="test_helper_me" time="0.715" /><testcase classname="tests.test_batch30_trusted_helpers.TestHelperSelfService" name="test_helper_dashboard_has_three_tasks" time="0.333" /><testcase classname="tests.test_batch30_trusted_helpers.TestHelperSelfService" name="test_start_and_complete_non_proof_task" time="0.505" /><testcase classname="tests.test_batch30_trusted_helpers.TestHelperSelfService" name="test_complete_proof_task_blocked_without_photo" time="0.596" /><testcase classname="tests.test_batch30_trusted_helpers.TestHelperLifecycle" name="test_remove_blocks_login" time="1.643" /><testcase classname="tests.test_batch30_trusted_helpers.TestHelperSelfService" name="test_issue_flow" time="0.358" /><testcase classname="tests.test_batch30_trusted_helpers.TestParentAssignTask" name="test_assign_task_appears_on_dashboard" time="1.121" /><testcase classname="tests.test_batch30_trusted_helpers.TestChildScoping" name="test_helper_assigned_aarav_not_gaining_anaya" time="0.356" /><testcase classname="tests.test_batch30_trusted_helpers.TestHelperTokenSecurity" name="test_helper_cannot_hit_family_route[/home]" time="0.473" /><testcase classname="tests.test_batch30_trusted_helpers.TestNonParentForbidden" name="test_non_authenticated_cannot_manage" time="0.335" /><testcase classname="tests.test_batch30_trusted_helpers.TestHelperTokenSecurity" name="test_helper_cannot_hit_family_route[/families/me]" time="0.133" /><testcase classname="tests.test_batch30_trusted_helpers.TestHelperTokenSecurity" name="test_helper_cannot_hit_family_route[/chats]" time="0.129" /><testcase classname="tests.test_batch30_trusted_helpers.TestHelperTokenSecurity" name="test_helper_cannot_hit_family_route[/vault/folders]" time="0.130" /><testcase classname="tests.test_batch30_trusted_helpers.TestHelperTokenSecurity" name="test_family_token_cannot_hit_helper_routes" time="1.211" /></testsuite></testsuites>