<?xml version="1.0" encoding="utf-8"?><testsuites name="pytest tests"><testsuite name="pytest" errors="0" failures="0" skipped="0" tests="4" time="4.583" timestamp="2026-08-19T10:00:42.238023+00:00" hostname="agent-env-bc10982d-2ba3-4532-8796-8ac273f05fe5"><testcase classname="tests.test_delete_cascade_bola.TestOwnerDeleteCascade" name="test_owner_post_delete_cascades_comments_and_reactions" time="1.564" /><testcase classname="tests.test_delete_cascade_bola.TestCrossFamilyPostDeleteCascade" name="test_cross_family_post_delete_does_not_cascade" time="2.331" /><testcase classname="tests.test_delete_cascade_bola.TestOwnerDeleteCascade" name="test_owner_timeline_delete_cascades_comments_and_reactions" time="0.990" /><testcase classname="tests.test_delete_cascade_bola.TestCrossFamilyTimelineDeleteCascade" name="test_cross_family_timeline_delete_does_not_cascade" time="1.711" /></testsuite></testsuites>