<?xml version="1.0" encoding="utf-8"?><testsuites name="pytest tests"><testsuite name="pytest" errors="0" failures="0" skipped="0" tests="33" time="22.393" timestamp="2026-08-18T21:36:30.316761+00:00" hostname="agent-env-bc10982d-2ba3-4532-8796-8ac273f05fe5"><testcase classname="tests.test_batch34_trusted_helpers_phase5.TestHelperMediaToken" name="test_helper_login_returns_media_token_distinct_from_auth" time="0.404" /><testcase classname="tests.test_batch34_trusted_helpers_phase5.TestHelperMediaToken" name="test_helper_dashboard_returns_media_token" time="15.176" /><testcase classname="tests.test_batch34_trusted_helpers_phase5.TestSecurityRegressionP5" name="test_parent_token_rejected_on_helper_routes[/helper/care-team]" time="0.788" /><testcase classname="tests.test_batch34_trusted_helpers_phase5.TestSecurityRegressionP5" name="test_parent_token_rejected_on_helper_routes[/helper/medical]" time="0.120" /><testcase classname="tests.test_batch34_trusted_helpers_phase5.TestSecurityRegressionP5" name="test_parent_token_rejected_on_helper_routes[/helper/dashboard]" time="0.130" /><testcase classname="tests.test_batch34_trusted_helpers_phase5.TestSecurityRegressionP5" name="test_parent_token_rejected_on_helper_routes[/helper/checkin]" time="0.134" /><testcase classname="tests.test_batch34_trusted_helpers_phase5.TestSecurityRegressionP5" name="test_helper_token_rejected_on_family_routes[/care-team/chat]" time="0.523" /><testcase classname="tests.test_batch34_trusted_helpers_phase5.TestSecurityRegressionP5" name="test_helper_token_rejected_on_family_routes[/care-team/unread]" time="0.134" /><testcase classname="tests.test_batch34_trusted_helpers_phase5.TestSecurityRegressionP5" name="test_helper_token_rejected_on_family_routes[/helpers/help_c77a0a30120545bb/ratings]" time="0.182" /><testcase classname="tests.test_batch34_trusted_helpers_phase5.TestSecurityRegressionP5" name="test_helper_token_rejected_on_family_routes[/helpers]" time="0.242" /><testcase classname="tests.test_batch34_trusted_helpers_phase5.TestSecurityRegressionP5" name="test_helper_without_chat_perm_gets_403_on_care_team" time="1.266" /><testcase classname="tests.test_batch34_trusted_helpers_phase5.TestSecurityRegressionP5" name="test_medical_still_privacy_scrubbed" time="0.138" /><testcase classname="tests.test_batch34_trusted_helpers_phase5.TestSecurityRegressionP5" name="test_paused_helper_blocked_on_phase5_endpoints" time="13.271" /><testcase classname="tests.test_batch34_trusted_helpers_phase5.TestHelperMediaToken" name="test_helper_can_load_own_upload" time="0.573" /><testcase classname="tests.test_batch34_trusted_helpers_phase5.TestHelperMediaToken" name="test_helper_can_load_care_team_photo" time="1.118" /><testcase classname="tests.test_batch34_trusted_helpers_phase5.TestCareTeamAudioPhoto" name="test_parent_post_audio" time="0.298" /><testcase classname="tests.test_batch34_trusted_helpers_phase5.TestCareTeamAudioPhoto" name="test_helper_post_audio" time="0.264" /><testcase classname="tests.test_batch34_trusted_helpers_phase5.TestHelperMediaToken" name="test_helper_can_load_own_helper_message_photo" time="0.979" /><testcase classname="tests.test_batch34_trusted_helpers_phase5.TestCareTeamAudioPhoto" name="test_empty_message_rejected" time="0.305" /><testcase classname="tests.test_batch34_trusted_helpers_phase5.TestCareTeamAudioPhoto" name="test_photo_only_and_text_only_still_work" time="0.265" /><testcase classname="tests.test_batch34_trusted_helpers_phase5.TestCareTeamAudioPhoto" name="test_audio_isolated_from_family_and_1to1" time="0.248" /><testcase classname="tests.test_batch34_trusted_helpers_phase5.TestHelperMediaToken" name="test_helper_media_token_404s_random_path" time="0.154" /><testcase classname="tests.test_batch34_trusted_helpers_phase5.TestShiftCheckInOut" name="test_checkout_before_checkin_returns_400" time="0.161" /><testcase classname="tests.test_batch34_trusted_helpers_phase5.TestHelperMediaToken" name="test_helper_media_token_404s_family_chat_photo" time="0.664" /><testcase classname="tests.test_batch34_trusted_helpers_phase5.TestShiftCheckInOut" name="test_checkin_idempotent_and_first_fires_notification" time="0.768" /><testcase classname="tests.test_batch34_trusted_helpers_phase5.TestHelperMediaToken" name="test_helper_media_token_404s_vault_file" time="0.583" /><testcase classname="tests.test_batch34_trusted_helpers_phase5.TestShiftCheckInOut" name="test_dashboard_checkin_present" time="0.182" /><testcase classname="tests.test_batch34_trusted_helpers_phase5.TestShiftCheckInOut" name="test_parent_list_and_get_helper_expose_checkin" time="0.309" /><testcase classname="tests.test_batch34_trusted_helpers_phase5.TestShiftCheckInOut" name="test_checkout_success_fires_wave_and_sets_time" time="0.392" /><testcase classname="tests.test_batch34_trusted_helpers_phase5.TestHelperMediaToken" name="test_parent_media_token_still_serves_family_files" time="0.734" /><testcase classname="tests.test_batch34_trusted_helpers_phase5.TestDropOffProof" name="test_reached_with_proof_url_stores_and_notifies" time="0.876" /><testcase classname="tests.test_batch34_trusted_helpers_phase5.TestHelperMediaToken" name="test_helper_media_token_cannot_read_arbitrary_family_media" time="0.432" /><testcase classname="tests.test_batch34_trusted_helpers_phase5.TestDropOffProof" name="test_reached_without_proof_no_camera_notif" time="0.447" /></testsuite></testsuites>