<?xml version="1.0" encoding="utf-8"?><testsuites name="pytest tests"><testsuite name="pytest" errors="0" failures="0" skipped="0" tests="11" time="2.363" timestamp="2026-08-16T20:20:34.253455+00:00" hostname="agent-env-bc10982d-2ba3-4532-8796-8ac273f05fe5"><testcase classname="tests.test_story_and_reactions_api.TestTimeline" name="test_list_returns_seeded_memories" time="0.843" /><testcase classname="tests.test_story_and_reactions_api.TestTimeline" name="test_list_filter_by_member" time="0.055" /><testcase classname="tests.test_story_and_reactions_api.TestTimeline" name="test_create_get_delete_memory" time="0.359" /><testcase classname="tests.test_story_and_reactions_api.TestMessageReactions" name="test_add_reaction_and_summary" time="1.223" /><testcase classname="tests.test_story_and_reactions_api.TestMessageReactions" name="test_toggle_same_emoji_removes" time="0.374" /><testcase classname="tests.test_story_and_reactions_api.TestTimeline" name="test_get_not_found" time="0.095" /><testcase classname="tests.test_story_and_reactions_api.TestOnThisDay" name="test_on_this_day_shape" time="0.052" /><testcase classname="tests.test_story_and_reactions_api.TestOnThisDay" name="test_home_includes_on_this_day" time="0.056" /><testcase classname="tests.test_story_and_reactions_api.TestVoice" name="test_upload_audio_and_send_voice_message" time="0.447" /><testcase classname="tests.test_story_and_reactions_api.TestMessageReactions" name="test_switch_reaction_replaces" time="0.401" /><testcase classname="tests.test_story_and_reactions_api.TestMessageReactions" name="test_react_unknown_message_returns_404" time="0.061" /></testsuite></testsuites>