<?xml version="1.0" encoding="utf-8"?><testsuites name="pytest tests"><testsuite name="pytest" errors="0" failures="0" skipped="0" tests="6" time="2.575" timestamp="2026-08-17T13:06:38.971155+00:00" hostname="agent-env-bc10982d-2ba3-4532-8796-8ac273f05fe5"><testcase classname="tests.test_batch17_pin_skip_nudge.TestRSVPReminders" name="test_awaiting_and_nudge_posts_to_family_chat" time="1.219" /><testcase classname="tests.test_batch17_pin_skip_nudge.TestSkipOccurrence" name="test_scope_single_removes_only_that_occurrence" time="1.590" /><testcase classname="tests.test_batch17_pin_skip_nudge.TestRSVPReminders" name="test_nudge_when_all_rsvpd_returns_zero" time="0.276" /><testcase classname="tests.test_batch17_pin_skip_nudge.TestHomeEmergencyPin" name="test_sos_pins_home_and_resolves" time="0.433" /><testcase classname="tests.test_batch17_pin_skip_nudge.TestSkipOccurrence" name="test_scope_series_removes_all" time="0.424" /><testcase classname="tests.test_batch17_pin_skip_nudge.TestSkipOccurrence" name="test_non_recurring_event_deletes" time="0.229" /></testsuite></testsuites>