<?xml version="1.0" encoding="utf-8"?><testsuites name="pytest tests"><testsuite name="pytest" errors="0" failures="1" skipped="0" tests="45" time="7.202" timestamp="2026-08-16T19:53:58.612216+00:00" hostname="agent-env-bc10982d-2ba3-4532-8796-8ac273f05fe5"><testcase classname="tests.test_familyhome_api.TestOnboarding" name="test_new_user_no_family" time="0.624" /><testcase classname="tests.test_familyhome_api.TestOnboarding" name="test_home_without_family_returns_400" time="0.042" /><testcase classname="tests.test_familyhome_api.TestAuth" name="test_register_returns_token_and_user" time="0.626" /><testcase classname="tests.test_familyhome_api.TestOnboarding" name="test_seed_demo_creates_family" time="0.756" /><testcase classname="tests.test_familyhome_api.TestAuth" name="test_login_success" time="0.288" /><testcase classname="tests.test_familyhome_api.TestAuth" name="test_login_invalid_returns_401" time="0.445" /><testcase classname="tests.test_familyhome_api.TestAuth" name="test_register_duplicate_returns_400" time="0.062" /><testcase classname="tests.test_familyhome_api.TestOnboarding" name="test_create_family" time="0.401" /><testcase classname="tests.test_familyhome_api.TestAuth" name="test_me_returns_user_and_member" time="0.279" /><testcase classname="tests.test_familyhome_api.TestAuth" name="test_me_no_token_returns_401" time="0.064" /><testcase classname="tests.test_familyhome_api.TestOnboarding" name="test_join_family_invalid_code" time="0.498" /><testcase classname="tests.test_chat_api.TestReadTypingUnread" name="test_mark_read_updates_reads_map" time="1.119" /><testcase classname="tests.test_chat_api.TestReadTypingUnread" name="test_typing_marker" time="0.187" /><testcase classname="tests.test_chat_api.TestMessages" name="test_send_text_and_get" time="0.746" /><testcase classname="tests.test_chat_api.TestMessages" name="test_send_reply" time="0.165" /><testcase classname="tests.test_chat_api.TestReadTypingUnread" name="test_unread_count_flow" time="0.150" /><testcase classname="tests.test_chat_api.TestReadTypingUnread" name="test_home_unread_updates_after_read" time="0.212" /><testcase classname="tests.test_chat_api.TestMessages" name="test_send_affection_creates_love_record" time="0.214" /><testcase classname="tests.test_familyhome_api.TestFeed" name="test_list_posts_hydrated" time="0.290" /><testcase classname="tests.test_chat_api.TestMessages" name="test_non_member_gets_404" time="0.377" /><testcase classname="tests.test_familyhome_api.TestFeed" name="test_react_and_unreact_toggle" time="0.477" /><testcase classname="tests.test_familyhome_api.TestAffection" name="test_inbox_has_unseen" time="0.306" /><testcase classname="tests.test_familyhome_api.TestAffection" name="test_send_affection_to_family" time="0.041" /><testcase classname="tests.test_familyhome_api.TestAffection" name="test_send_affection_to_member" time="0.091" /><testcase classname="tests.test_familyhome_api.TestFeed" name="test_comment_flow" time="0.181" /><testcase classname="tests.test_familyhome_api.TestAffection" name="test_mark_seen_and_timeline" time="0.126" /><testcase classname="tests.test_familyhome_api.TestFeed" name="test_create_and_delete_post" time="0.341" /><testcase classname="tests.test_familyhome_api.TestFamily" name="test_families_me" time="0.042"><failure message="AssertionError: assert 6 == 5&#10; +  where 6 = len([{'member_id': 'mem_e16a1af708e14df5', 'family_id': 'fam_e49906405b194913', 'name': 'Raj', 'relationship': 'Dad', ...}, {'member_id': 'mem_e5d1199190b84ce8', 'family_id': 'fam_e49906405b194913', 'name': 'Priya', 'relationship': 'Mom', ...}, {'member_id': 'mem_bcbcab87d36f4846', 'family_id': 'fam_e49906405b194913', 'name': 'Aarav', 'relationship': 'Son', ...}, {'member_id': 'mem_96fa3a52528942f4', 'family_id': 'fam_e49906405b194913', 'name': 'Anaya', 'relationship': 'Daughter', ...}, {'member_id': 'mem_eeff7a3018cc4c59', 'family_id': 'fam_e49906405b194913', 'name': 'Meera', 'relationship': 'Grandma', ...}, {'member_id': 'mem_b517c9360ebc4213', 'family_id': 'fam_e49906405b194913', 'name': 'TEST_Uncle', 'relationship': 'Uncle', ...}])">E   AssertionError: assert 6 == 5
     +  where 6 = len([{'member_id': 'mem_e16a1af708e14df5', 'family_id': 'fam_e49906405b194913', 'name': 'Raj', 'relationship': 'Dad', ...}, {'member_id': 'mem_e5d1199190b84ce8', 'family_id': 'fam_e49906405b194913', 'name': 'Priya', 'relationship': 'Mom', ...}, {'member_id': 'mem_bcbcab87d36f4846', 'family_id': 'fam_e49906405b194913', 'name': 'Aarav', 'relationship': 'Son', ...}, {'member_id': 'mem_96fa3a52528942f4', 'family_id': 'fam_e49906405b194913', 'name': 'Anaya', 'relationship': 'Daughter', ...}, {'member_id': 'mem_eeff7a3018cc4c59', 'family_id': 'fam_e49906405b194913', 'name': 'Meera', 'relationship': 'Grandma', ...}, {'member_id': 'mem_b517c9360ebc4213', 'family_id': 'fam_e49906405b194913', 'name': 'TEST_Uncle', 'relationship': 'Uncle', ...}])</failure></testcase><testcase classname="tests.test_familyhome_api.TestFamily" name="test_member_detail" time="0.091" /><testcase classname="tests.test_familyhome_api.TestFamily" name="test_invite_code" time="0.080" /><testcase classname="tests.test_familyhome_api.TestFamily" name="test_add_member" time="0.042" /><testcase classname="tests.test_chat_api.TestChatList" name="test_list_auto_creates_family_and_hydrates" time="0.055" /><testcase classname="tests.test_chat_api.TestChatList" name="test_home_returns_unread_messages" time="0.412" /><testcase classname="tests.test_familyhome_api.TestChores" name="test_list_chores" time="0.255" /><testcase classname="tests.test_familyhome_api.TestChores" name="test_complete_uncomplete_and_stars" time="0.316" /><testcase classname="tests.test_chat_api.TestCreateChat" name="test_create_direct_dedupes" time="0.106" /><testcase classname="tests.test_chat_api.TestCreateChat" name="test_create_group_with_multi_members" time="0.058" /><testcase classname="tests.test_chat_api.TestSortAndUpdateLastMessage" name="test_send_message_updates_last_message_and_sort" time="0.687" /><testcase classname="tests.test_familyhome_api.TestChores" name="test_create_and_delete_chore" time="0.252" /><testcase classname="tests.test_familyhome_api.TestCalendar" name="test_list_events" time="0.060" /><testcase classname="tests.test_familyhome_api.TestCalendar" name="test_create_and_delete_event" time="0.214" /><testcase classname="tests.test_familyhome_api.TestTodos" name="test_todo_full_flow" time="0.448" /><testcase classname="tests.test_familyhome_api.TestHome" name="test_home_dashboard_shape" time="0.056" /><testcase classname="tests.test_familyhome_api.TestShopping" name="test_shopping_full_flow" time="0.368" /><testcase classname="tests.test_familyhome_api.TestMedia" name="test_upload_and_serve" time="0.568" /></testsuite></testsuites>