<?xml version="1.0" encoding="utf-8"?><testsuites name="pytest tests"><testsuite name="pytest" errors="0" failures="0" skipped="0" tests="5" time="2.003" timestamp="2026-08-19T07:39:44.403274+00:00" hostname="agent-env-bc10982d-2ba3-4532-8796-8ac273f05fe5"><testcase classname="tests.test_batch38_medical_helper_isolation.TestMedicalDetailGatingList" name="test_detail_fields_list_includes_new_fields" time="0.002" /><testcase classname="tests.test_batch38_medical_helper_isolation.TestMedicalDetailGatingList" name="test_get_medical_uses_gating" time="0.002" /><testcase classname="tests.test_batch38_medical_helper_isolation.TestMedicalPersistence" name="test_put_persists_doctor_phone_and_insurance" time="0.843" /><testcase classname="tests.test_batch38_medical_helper_isolation.TestMedicalPersistence" name="test_get_returns_full_detail_for_parent" time="0.137" /><testcase classname="tests.test_batch38_medical_helper_isolation.TestHelperMedicalIsolation" name="test_helper_medical_returns_only_at_a_glance_fields" time="0.726" /></testsuite></testsuites>