<?xml version="1.0" encoding="utf-8"?><testsuites name="pytest tests"><testsuite name="pytest" errors="0" failures="0" skipped="0" tests="21" time="7.397" timestamp="2026-08-18T19:54:50.492125+00:00" hostname="agent-env-bc10982d-2ba3-4532-8796-8ac273f05fe5"><testcase classname="tests.test_batch31_trusted_helpers_phase2.TestCrossTokenBoundary" name="test_parent_token_rejected_on_helper_routes[/helper/chat]" time="0.621" /><testcase classname="tests.test_batch31_trusted_helpers_phase2.TestCrossTokenBoundary" name="test_parent_token_rejected_on_helper_routes[/helper/handover]" time="0.359" /><testcase classname="tests.test_batch31_trusted_helpers_phase2.TestCrossTokenBoundary" name="test_parent_token_rejected_on_helper_routes[/helper/dashboard]" time="0.129" /><testcase classname="tests.test_batch31_trusted_helpers_phase2.TestHandover" name="test_parent_note_to_helper" time="1.609" /><testcase classname="tests.test_batch31_trusted_helpers_phase2.TestCrossTokenBoundary" name="test_helper_token_rejected_on_family_routes[/helpers/help_c77a0a30120545bb/chat]" time="0.494" /><testcase classname="tests.test_batch31_trusted_helpers_phase2.TestCrossTokenBoundary" name="test_helper_token_rejected_on_family_routes[/helpers/help_c77a0a30120545bb/handover]" time="0.145" /><testcase classname="tests.test_batch31_trusted_helpers_phase2.TestHandover" name="test_helper_note_to_parent" time="0.351" /><testcase classname="tests.test_batch31_trusted_helpers_phase2.TestCrossTokenBoundary" name="test_helper_token_rejected_on_family_routes[/helpers]" time="0.114" /><testcase classname="tests.test_batch31_trusted_helpers_phase2.TestCrossTokenBoundary" name="test_helper_token_rejected_on_family_routes[/families/me]" time="0.122" /><testcase classname="tests.test_batch31_trusted_helpers_phase2.TestHandover" name="test_cross_family_handover_404" time="0.135" /><testcase classname="tests.test_batch31_trusted_helpers_phase2.TestCrossTokenBoundary" name="test_helper_token_rejected_on_family_routes[/home]" time="0.154" /><testcase classname="tests.test_batch31_trusted_helpers_phase2.TestChatIsolation" name="test_helper_chat_never_returns_family_chat" time="0.529" /><testcase classname="tests.test_batch31_trusted_helpers_phase2.TestTripFlow" name="test_invalid_stage_400" time="0.341" /><testcase classname="tests.test_batch31_trusted_helpers_phase2.TestTripFlow" name="test_full_trip_flow" time="0.737" /><testcase classname="tests.test_batch31_trusted_helpers_phase2.TestChatIsolation" name="test_helper_chat_without_permission_returns_403" time="1.312" /><testcase classname="tests.test_batch31_trusted_helpers_phase2.TestTripFlow" name="test_reached_triggers_parent_notification" time="0.950" /><testcase classname="tests.test_batch31_trusted_helpers_phase2.TestChatRoundTrip" name="test_parent_sends_helper_receives_marks_read" time="0.951" /><testcase classname="tests.test_batch31_trusted_helpers_phase2.TestLifecycleBlocking" name="test_paused_helper_blocked" time="1.702" /><testcase classname="tests.test_batch31_trusted_helpers_phase2.TestChatRoundTrip" name="test_helper_sends_parent_receives_and_unread_counter" time="0.919" /><testcase classname="tests.test_batch31_trusted_helpers_phase2.TestLifecycleBlocking" name="test_removed_helper_blocked" time="1.226" /><testcase classname="tests.test_batch31_trusted_helpers_phase2.TestNotificationsGating" name="test_parent_sees_helper_events" time="0.338" /></testsuite></testsuites>