<?xml version="1.0" encoding="utf-8"?><testsuites name="pytest tests"><testsuite name="pytest" errors="0" failures="1" skipped="0" tests="10" time="3.423" timestamp="2026-08-19T09:33:48.371947+00:00" hostname="agent-env-bc10982d-2ba3-4532-8796-8ac273f05fe5"><testcase classname="tests.test_batch43_helper_idcard_and_vault_renew.TestVaultRenew" name="test_missing_token_returns_401" time="0.853" /><testcase classname="tests.test_batch43_helper_idcard_and_vault_renew.TestHelperIdCardBack" name="test_create_helper_persists_id_card_back_url" time="0.804" /><testcase classname="tests.test_batch43_helper_idcard_and_vault_renew.TestHelperIdCardBack" name="test_patch_helper_updates_id_card_back_url" time="0.163" /><testcase classname="tests.test_batch43_helper_idcard_and_vault_renew.TestVaultRenew" name="test_bad_date_returns_400" time="0.069" /><testcase classname="tests.test_batch43_helper_idcard_and_vault_renew.TestVaultRenew" name="test_renew_updates_expiry_date" time="0.177" /><testcase classname="tests.test_batch43_helper_idcard_and_vault_renew.TestHelperIdCardBack" name="test_patch_clear_id_card_back_url_with_empty_string" time="0.136" /><testcase classname="tests.test_batch43_helper_idcard_and_vault_renew.TestVaultRenew" name="test_renew_clears_expiry_notification" time="0.293" /><testcase classname="tests.test_batch43_helper_idcard_and_vault_renew.TestHelperIdCardBack" name="test_patch_clear_id_card_back_url_with_null" time="0.134"><failure message="AssertionError: Sending null should clear id_card_back_url, got='https://example.com/idback_v3.jpg'. Backend PATCH gate may use `is not None`; needs update.&#10;assert 'https://example.com/idback_v3.jpg' in (None, '')">backend/tests/test_batch43_helper_idcard_and_vault_renew.py:146: in test_patch_clear_id_card_back_url_with_null
    assert cleared in (None, ""), (
E   AssertionError: Sending null should clear id_card_back_url, got='https://example.com/idback_v3.jpg'. Backend PATCH gate may use `is not None`; needs update.
E   assert 'https://example.com/idback_v3.jpg' in (None, '')</failure></testcase><testcase classname="tests.test_batch43_helper_idcard_and_vault_renew.TestHelperIdCardBack" name="test_helper_endpoints_are_parent_admin_only" time="1.859" /><testcase classname="tests.test_batch43_helper_idcard_and_vault_renew.TestVaultRenew" name="test_child_member_cannot_renew_gets_403" time="1.590" /></testsuite></testsuites>