<?xml version="1.0" encoding="utf-8"?><testsuites name="pytest tests"><testsuite name="pytest" errors="0" failures="0" skipped="0" tests="12" time="2.412" timestamp="2026-08-17T01:03:57.188144+00:00" hostname="agent-env-bc10982d-2ba3-4532-8796-8ac273f05fe5"><testcase classname="tests.test_batch14_reactions_streaks_events.TestNoticeReactions" name="test_react_adds_reaction_summary" time="0.899" /><testcase classname="tests.test_batch14_reactions_streaks_events.TestEventInvite" name="test_create_event_with_participants_returns_ok" time="0.883" /><testcase classname="tests.test_batch14_reactions_streaks_events.TestEventInvite" name="test_invite_ics_endpoint" time="0.349" /><testcase classname="tests.test_batch14_reactions_streaks_events.TestNoticeReactions" name="test_react_toggle_same_emoji_removes" time="0.232" /><testcase classname="tests.test_batch14_reactions_streaks_events.TestNoticeReactions" name="test_react_different_emoji_replaces" time="0.219" /><testcase classname="tests.test_batch14_reactions_streaks_events.TestEventInvite" name="test_invite_ics_all_day_event" time="0.215" /><testcase classname="tests.test_batch14_reactions_streaks_events.TestNoticeReplies" name="test_add_reply_appends" time="0.187" /><testcase classname="tests.test_batch14_reactions_streaks_events.TestEventInvite" name="test_invite_ics_missing_event_404" time="0.162" /><testcase classname="tests.test_batch14_reactions_streaks_events.TestNoticeReplies" name="test_reply_count_increments" time="0.409" /><testcase classname="tests.test_batch14_reactions_streaks_events.TestChoreStreaks" name="test_home_kids_include_streak_fields" time="0.079" /><testcase classname="tests.test_batch14_reactions_streaks_events.TestNoticeExpiryReminder" name="test_tomorrow_expiry_shows_in_needs_attention" time="0.206" /><testcase classname="tests.test_batch14_reactions_streaks_events.TestNoticeReplies" name="test_empty_reply_rejected" time="0.150" /></testsuite></testsuites>