<?xml version="1.0" encoding="utf-8"?><testsuites name="pytest tests"><testsuite name="pytest" errors="0" failures="0" skipped="1" tests="18" time="2.827" timestamp="2026-08-17T00:32:48.385732+00:00" hostname="agent-env-bc10982d-2ba3-4532-8796-8ac273f05fe5"><testcase classname="tests.test_batch13_noticeboard_prefs_profile.TestHomeExtensions" name="test_home_has_today_summary" time="0.730" /><testcase classname="tests.test_batch13_noticeboard_prefs_profile.TestNoticeboard" name="test_list_seed_notes" time="0.786" /><testcase classname="tests.test_batch13_noticeboard_prefs_profile.TestHomeExtensions" name="test_home_has_notices" time="0.082" /><testcase classname="tests.test_batch13_noticeboard_prefs_profile.TestNoticeboard" name="test_list_pinned_first" time="0.049" /><testcase classname="tests.test_batch13_noticeboard_prefs_profile.TestHomeExtensions" name="test_home_kids_has_chores" time="0.078" /><testcase classname="tests.test_batch13_noticeboard_prefs_profile.TestNoticeboard" name="test_create_and_list_returns_new" time="0.241" /><testcase classname="tests.test_batch13_noticeboard_prefs_profile.TestHomeExtensions" name="test_chore_complete_uncomplete_toggle" time="0.377" /><testcase classname="tests.test_batch13_noticeboard_prefs_profile.TestNoticeboard" name="test_owner_can_delete_own" time="0.188" /><testcase classname="tests.test_batch13_noticeboard_prefs_profile.TestNoticeboard" name="test_admin_can_delete_other_owner_notice" time="0.374" /><testcase classname="tests.test_batch13_noticeboard_prefs_profile.TestNoticeboard" name="test_non_owner_child_cannot_delete" time="0.000"><skipped type="pytest.skip" message="board@fam.com only has one user account; 403 path exercised in code review">/app/backend/tests/test_batch13_noticeboard_prefs_profile.py:145: board@fam.com only has one user account; 403 path exercised in code review</skipped></testcase><testcase classname="tests.test_batch13_noticeboard_prefs_profile.TestNoticeboard" name="test_past_expiry_hidden" time="0.151" /><testcase classname="tests.test_batch13_noticeboard_prefs_profile.TestDashboardPrefs" name="test_fresh_user_defaults" time="0.553" /><testcase classname="tests.test_batch13_noticeboard_prefs_profile.TestNoticeboard" name="test_patch_notice" time="0.197" /><testcase classname="tests.test_batch13_noticeboard_prefs_profile.TestDashboardPrefs" name="test_put_persists" time="0.140" /><testcase classname="tests.test_batch13_noticeboard_prefs_profile.TestDashboardPrefs" name="test_prefs_are_per_user" time="0.092" /><testcase classname="tests.test_batch13_noticeboard_prefs_profile.TestProfileAndPhone" name="test_patch_profile_name_updates_user_and_member" time="0.235" /><testcase classname="tests.test_batch13_noticeboard_prefs_profile.TestProfileAndPhone" name="test_no_email_endpoint_exists" time="0.120" /><testcase classname="tests.test_batch13_noticeboard_prefs_profile.TestProfileAndPhone" name="test_member_phone_persists" time="0.174" /></testsuite></testsuites>