<?xml version="1.0" encoding="utf-8"?><testsuites name="pytest tests"><testsuite name="pytest" errors="0" failures="0" skipped="0" tests="17" time="3.984" timestamp="2026-08-16T21:47:39.124618+00:00" hostname="agent-env-bc10982d-2ba3-4532-8796-8ac273f05fe5"><testcase classname="tests.test_batch7_rewards_albums.TestRewards" name="test_rewards_shape" time="0.629" /><testcase classname="tests.test_batch7_rewards_albums.TestRegression" name="test_timeline_list" time="0.744" /><testcase classname="tests.test_batch7_rewards_albums.TestRewards" name="test_leaderboard_entries_and_sort" time="0.120" /><testcase classname="tests.test_batch7_rewards_albums.TestRegression" name="test_on_this_day" time="0.108" /><testcase classname="tests.test_batch7_rewards_albums.TestRewards" name="test_raj_is_top" time="0.127" /><testcase classname="tests.test_batch7_rewards_albums.TestRegression" name="test_timeline_places" time="0.112" /><testcase classname="tests.test_batch7_rewards_albums.TestRewards" name="test_badges_shape" time="0.111" /><testcase classname="tests.test_batch7_rewards_albums.TestRegression" name="test_chats_and_family_chat" time="0.129" /><testcase classname="tests.test_batch7_rewards_albums.TestRewards" name="test_totals_contains_points_and_streak" time="0.102" /><testcase classname="tests.test_batch7_rewards_albums.TestAlbums" name="test_list_albums_has_goa" time="0.380" /><testcase classname="tests.test_batch7_rewards_albums.TestRegression" name="test_home_dashboard" time="0.108" /><testcase classname="tests.test_batch7_rewards_albums.TestRegression" name="test_chat_pin_flow" time="0.652" /><testcase classname="tests.test_batch7_rewards_albums.TestAlbums" name="test_get_album_photos" time="0.644" /><testcase classname="tests.test_batch7_rewards_albums.TestHomeStreak" name="test_home_returns_family_streak" time="0.118" /><testcase classname="tests.test_batch7_rewards_albums.TestAlbums" name="test_create_album_empty_title_400" time="0.135" /><testcase classname="tests.test_batch7_rewards_albums.TestAlbums" name="test_create_and_add_photos_as_creator" time="0.540" /><testcase classname="tests.test_batch7_rewards_albums.TestAlbums" name="test_non_creator_cannot_add_photos_or_delete" time="0.870" /></testsuite></testsuites>