<?xml version="1.0" encoding="utf-8"?><testsuites name="pytest tests"><testsuite name="pytest" errors="0" failures="0" skipped="0" tests="15" time="4.517" timestamp="2026-08-19T09:57:04.129979+00:00" hostname="agent-env-bc10982d-2ba3-4532-8796-8ac273f05fe5"><testcase classname="tests.test_bola_posts_timeline_reactions.TestCrossFamilyPostBOLA" name="test_list_comments_cross_family_returns_404" time="1.209" /><testcase classname="tests.test_bola_posts_timeline_reactions.TestCrossFamilyTimelineBOLA" name="test_get_timeline_cross_family_returns_404" time="1.269" /><testcase classname="tests.test_bola_posts_timeline_reactions.TestCrossFamilyPostBOLA" name="test_add_comment_cross_family_returns_404" time="0.111" /><testcase classname="tests.test_bola_posts_timeline_reactions.TestCrossFamilyTimelineBOLA" name="test_list_timeline_comments_cross_family_returns_404" time="0.106" /><testcase classname="tests.test_bola_posts_timeline_reactions.TestCrossFamilyPostBOLA" name="test_react_post_cross_family_returns_404" time="0.114" /><testcase classname="tests.test_bola_posts_timeline_reactions.TestCrossFamilyTimelineBOLA" name="test_add_timeline_comment_cross_family_returns_404" time="0.113" /><testcase classname="tests.test_bola_posts_timeline_reactions.TestCrossFamilyPostBOLA" name="test_unreact_post_cross_family_returns_404" time="0.122" /><testcase classname="tests.test_bola_posts_timeline_reactions.TestCrossFamilyTimelineBOLA" name="test_react_timeline_cross_family_returns_404" time="0.125" /><testcase classname="tests.test_bola_posts_timeline_reactions.TestCrossFamilyPostBOLA" name="test_no_cross_family_data_leak_side_effect" time="0.510" /><testcase classname="tests.test_bola_posts_timeline_reactions.TestCrossFamilyTimelineBOLA" name="test_no_cross_family_timeline_leak" time="0.489" /><testcase classname="tests.test_bola_posts_timeline_reactions.TestSameFamilyRegression" name="test_post_comment_and_reaction_flow" time="0.529" /><testcase classname="tests.test_bola_posts_timeline_reactions.TestCrossFamilyMessageReactionBOLA" name="test_react_message_cross_family_returns_404" time="0.570" /><testcase classname="tests.test_bola_posts_timeline_reactions.TestSameFamilyRegression" name="test_timeline_comment_and_reaction_flow" time="0.653" /><testcase classname="tests.test_bola_posts_timeline_reactions.TestSameFamilyRegression" name="test_react_message_same_family_ok" time="0.504" /><testcase classname="tests.test_bola_posts_timeline_reactions.TestSameFamilyRegression" name="test_two_different_families" time="0.453" /></testsuite></testsuites>