<?xml version="1.0" encoding="utf-8"?><testsuites name="pytest tests"><testsuite name="pytest" errors="0" failures="0" skipped="0" tests="13" time="5.499" timestamp="2026-08-18T10:42:05.032671+00:00" hostname="agent-env-bc10982d-2ba3-4532-8796-8ac273f05fe5"><testcase classname="tests.test_batch24_preview_claim_role.TestJoinClaim" name="test_claim_pending_no_duplicate" time="2.206" /><testcase classname="tests.test_batch24_preview_claim_role.TestRoleEdit" name="test_role_child_ok_and_is_child_synced" time="1.505" /><testcase classname="tests.test_batch24_preview_claim_role.TestRoleEdit" name="test_role_adult_ok_and_is_child_cleared" time="0.311" /><testcase classname="tests.test_batch24_preview_claim_role.TestRoleEdit" name="test_role_parent_ok" time="0.303" /><testcase classname="tests.test_batch24_preview_claim_role.TestRoleEdit" name="test_invalid_role_400" time="0.310" /><testcase classname="tests.test_batch24_preview_claim_role.TestJoinClaim" name="test_claim_already_joined_returns_400" time="0.968" /><testcase classname="tests.test_batch24_preview_claim_role.TestRoleEdit" name="test_admin_target_role_change_403" time="0.490" /><testcase classname="tests.test_batch24_preview_claim_role.TestRoleEdit" name="test_child_cannot_change_roles_403" time="1.331" /><testcase classname="tests.test_batch24_preview_claim_role.TestJoinClaim" name="test_claim_invalid_id_returns_400" time="0.799" /><testcase classname="tests.test_batch24_preview_claim_role.TestJoinClaim" name="test_join_without_claim_creates_new_member" time="1.183" /><testcase classname="tests.test_batch24_preview_claim_role.TestPreview" name="test_preview_valid_code_returns_pending_only" time="0.273" /><testcase classname="tests.test_batch24_preview_claim_role.TestPreview" name="test_preview_invalid_code_404" time="0.168" /><testcase classname="tests.test_batch24_preview_claim_role.TestPreview" name="test_preview_lowercase_normalized" time="0.384" /></testsuite></testsuites>