<?xml version="1.0" encoding="utf-8"?><testsuites name="pytest tests"><testsuite name="pytest" errors="0" failures="0" skipped="0" tests="10" time="2.733" timestamp="2026-08-16T22:09:10.904592+00:00" hostname="agent-env-bc10982d-2ba3-4532-8796-8ac273f05fe5"><testcase classname="tests.test_batch8_star_search.TestRewards" name="test_rewards_returns_week_leaderboard_and_star" time="0.755" /><testcase classname="tests.test_batch8_star_search.TestSearch" name="test_search_priya" time="0.806" /><testcase classname="tests.test_batch8_star_search.TestRewards" name="test_child_with_chores_appears_in_weekly" time="0.126" /><testcase classname="tests.test_batch8_star_search.TestSearch" name="test_search_family" time="0.133" /><testcase classname="tests.test_batch8_star_search.TestHighlightsWeek" name="test_highlights_week_includes_star_and_counts" time="0.111" /><testcase classname="tests.test_batch8_star_search.TestSearch" name="test_search_case_insensitive" time="0.230" /><testcase classname="tests.test_batch8_star_search.TestHighlightsWeek" name="test_rewards_and_highlights_star_match" time="0.239" /><testcase classname="tests.test_batch8_star_search.TestSearch" name="test_search_blank_returns_empty" time="0.144" /><testcase classname="tests.test_batch8_star_search.TestSearch" name="test_search_scoped_to_own_family" time="0.966" /><testcase classname="tests.test_batch8_star_search.TestSearch" name="test_search_missing_q" time="0.125" /></testsuite></testsuites>